Remove Pin=D3-1 From Net=+5V_USB
Remove Pin=TP1-1 From Net=VIN_DC
Remove Pin=TP2-1 From Net=+3.3_VOUT
Remove Pin=TP3-1 From Net=+5V_USB
Remove Pin=TP4-1 From Net=+1.8_VOUT
Remove Pin=TP6-1 From Net=VSTOR
Remove Pin=TP7-1 From Net=HOST_I2C_SDA
Remove Pin=TP8-1 From Net=MAX_SCL
Remove Pin=TP9-1 From Net=HOST_I2C_SCL
Remove Pin=TP10-1 From Net=BMI_INT1
Remove Pin=TP11-1 From Net=MAX_SDA
Remove Pin=TP12-1 From Net=BMI_INT2
Remove Pin=TP13-1 From Net=HR_INT
Remove Pin=TP14-1 From Net=S_SCL
Remove Pin=TP15-1 From Net=S_SDA
Remove Pin=TP16-1 From Net=MAX_RST
Remove Pin=TP17-1 From Net=MAX_MFIO
Remove Pin=TP18-1 From Net=LCD_SCK
Remove Pin=TP19-1 From Net=LCD_CS
Remove Pin=TP20-1 From Net=LCD_SDI
Remove Pin=TP21-1 From Net=LCD_RST
Remove Pin=U2A-10 From Net=HFXTAL_N
Remove Pin=U2A-11 From Net=HFXTAL_P
Remove Pin=U4-13 From Net=VBAT_OK
Remove Pin=U6-18 From Net=HR_INT
Remove Pin=U7-2 From Net=S_SCL
Remove Pin=U7-3 From Net=S_SDA
Remove Pin=U7-13 From Net=HR_INT
Remove Pin=Y2-1 From Net=HFXTAL_P
Remove Pin=Y2-3 From Net=HFXTAL_N
