Removed Pin From Net: NetName=HOST_I2C_SCL Pin=R14-1
Removed Pin From Net: NetName=HOST_I2C_SDA Pin=R15-1
Removed Pin From Net: NetName=MAX_SDA Pin=U3-2
Removed Pin From Net: NetName=MAX_SCL Pin=U3-3
Removed Pin From Net: NetName=HOST_I2C_SCL Pin=U3-6
Removed Pin From Net: NetName=HOST_I2C_SDA Pin=U3-7
Add Pin To Net: Unknown Pin: Pin *1-1
Add Pin To Net: Unknown Pin: Pin *1-2
Add Pin To Net: Unknown Pin: Pin *1-3
Add Pin To Net: Unknown Pin: Pin *1-4
Add Pin To Net: Unknown Pin: Pin C15-1
Add Pin To Net: Unknown Pin: Pin C15-2
Add Pin To Net: Unknown Pin: Pin C16-1
Add Pin To Net: Unknown Pin: Pin C16-2
Add Pin To Net: Unknown Pin: Pin C18-1
Add Pin To Net: Unknown Pin: Pin C18-2
Add Pin To Net: Unknown Pin: Pin J3-1
Add Pin To Net: Unknown Pin: Pin J3-2
Add Pin To Net: Unknown Pin: Pin J3-3
Add Pin To Net: Unknown Pin: Pin J3-4
Add Pin To Net: Unknown Pin: Pin J3-5
Add Pin To Net: Unknown Pin: Pin J3-6
Add Pin To Net: Unknown Pin: Pin J3-7
Add Pin To Net: Unknown Pin: Pin J3-8
Add Pin To Net: Unknown Pin: Pin J3-9
Add Pin To Net: Unknown Pin: Pin R9-1
Add Pin To Net: Unknown Pin: Pin R9-2
Added Pin To Net: NetName=HOST_I2C_SDA Pin=R14-1
Added Pin To Net: NetName=HOST_I2C_SCL Pin=R15-1
Add Pin To Net: Unknown Pin: Pin R16-1
Add Pin To Net: Unknown Pin: Pin R16-2
Added Pin To Net: NetName=MAX_SCL Pin=U3-2
Added Pin To Net: NetName=MAX_SDA Pin=U3-3
Added Pin To Net: NetName=HOST_I2C_SDA Pin=U3-6
Added Pin To Net: NetName=HOST_I2C_SCL Pin=U3-7
Add Pin To Net: Unknown Pin: Pin Y2-1
Add Pin To Net: Unknown Pin: Pin Y2-2
Add Pin To Net: Unknown Pin: Pin Y2-3
Add Pin To Net: Unknown Pin: Pin Y2-4
Add Class Member: Failed to add class member : Component *1 PTS526 SK15 SMTR2 LFS
Add Class Member: Failed to add class member : Component C15 CAP 1uF 0603
Add Class Member: Failed to add class member : Component C16 CAP 1uF 0603
Add Class Member: Failed to add class member : Component C18 CAP 1uF 0603
Add Class Member: Failed to add class member : Component J3 TF13BA-10S-0.4SH(800)
Add Class Member: Failed to add class member : Component R9 RES 6.65M 0603
Add Class Member: Failed to add class member : Component R16 RES 100R 0603
Add Class Member: Failed to add class member : Component TP2 Test Point
Add Class Member: Failed to add class member : Component Y2 38.4MHz XTAL
